Mar-18 18:16:46.938 [main] DEBUG nextflow.cli.Launcher - $> nextflow run mod_main.nf
Mar-18 18:16:47.141 [main] DEBUG nextflow.cli.CmdRun - N E X T F L O W  ~  version 25.10.4
Mar-18 18:16:47.198 [main] DEBUG nextflow.plugin.PluginsFacade - Setting up plugin manager > mode=prod; embedded=false; plugins-dir=/home/ak/.nextflow/plugins; core-plugins: nf-amazon@3.4.4,nf-azure@1.20.2,nf-cloudcache@0.5.0,nf-codecommit@0.5.0,nf-console@1.3.0,nf-google@1.23.5,nf-k8s@1.2.2,nf-tower@1.17.5,nf-wave@1.16.1
Mar-18 18:16:47.266 [main] INFO  o.pf4j.DefaultPluginStatusProvider - Enabled plugins: []
Mar-18 18:16:47.268 [main] INFO  o.pf4j.DefaultPluginStatusProvider - Disabled plugins: []
Mar-18 18:16:47.273 [main] INFO  org.pf4j.DefaultPluginManager - PF4J version 3.12.0 in 'deployment' mode
Mar-18 18:16:47.311 [main] DEBUG nextflow.util.RetryConfig - Missing nextflow session - using default retry config
Mar-18 18:16:47.806 [main] INFO  org.pf4j.AbstractPluginManager - No plugins
Mar-18 18:16:47.849 [main] DEBUG nextflow.config.ConfigBuilder - Found config local: /home/ak/assignment_nextflow/nextflow.config
Mar-18 18:16:47.855 [main] DEBUG nextflow.config.ConfigBuilder - Parsing config file: /home/ak/assignment_nextflow/nextflow.config
Mar-18 18:16:47.896 [main] DEBUG nextflow.config.ConfigBuilder - Applying config profile: `standard`
Mar-18 18:16:48.809 [main] DEBUG nextflow.plugin.PluginsFacade - Plugins default=[]
Mar-18 18:16:48.809 [main] DEBUG nextflow.plugin.PluginsFacade - Plugins resolved requirement=[]
Mar-18 18:16:48.841 [main] DEBUG n.secret.LocalSecretsProvider - Secrets store: /home/ak/.nextflow/secrets/store.json
Mar-18 18:16:48.846 [main] DEBUG nextflow.secret.SecretsLoader - Discovered secrets providers: [nextflow.secret.LocalSecretsProvider@673c4f6e] - activable => nextflow.secret.LocalSecretsProvider@673c4f6e
Mar-18 18:16:48.863 [main] DEBUG nextflow.cli.CmdRun - Applied DSL=2 from script declaration
Mar-18 18:16:48.890 [main] DEBUG nextflow.cli.CmdRun - Launching `mod_main.nf` [sad_descartes] DSL2 - revision: 864c9472c2
Mar-18 18:16:48.982 [main] DEBUG nextflow.Session - Session UUID: 747316f3-f90f-4b80-883c-c2f667a7b303
Mar-18 18:16:48.983 [main] DEBUG nextflow.Session - Run name: sad_descartes
Mar-18 18:16:48.984 [main] DEBUG nextflow.Session - Executor pool size: 8
Mar-18 18:16:48.999 [main] DEBUG nextflow.file.FilePorter - File porter settings maxRetries=3; maxTransfers=50; pollTimeout=null
Mar-18 18:16:49.010 [main] DEBUG nextflow.util.ThreadPoolBuilder - Creating thread pool 'FileTransfer' minSize=10; maxSize=24; workQueue=LinkedBlockingQueue[-1]; allowCoreThreadTimeout=false
Mar-18 18:16:49.058 [main] DEBUG nextflow.cli.CmdRun - 
  Version: 25.10.4 build 11173
  Created: 10-02-2026 15:17 UTC (15:17 BST)
  System: Linux 6.6.87.2-microsoft-standard-WSL2
  Runtime: Groovy 4.0.28 on OpenJDK 64-Bit Server VM 23.0.2-internal-adhoc.conda.src
  Encoding: UTF-8 (UTF-8)
  Process: 822@DESKTOP-V66QQ5R [127.0.1.1]
  CPUs: 8 - Mem: 3.7 GB (3 GB) - Swap: 1 GB (1 GB)
Mar-18 18:16:49.097 [main] DEBUG nextflow.Session - Work-dir: /home/ak/assignment_nextflow/work [ext2/ext3]
Mar-18 18:16:49.097 [main] DEBUG nextflow.Session - Script base path does not exist or is not a directory: /home/ak/assignment_nextflow/bin
Mar-18 18:16:49.110 [main] DEBUG nextflow.executor.ExecutorFactory - Extension executors providers=[]
Mar-18 18:16:49.123 [main] DEBUG nextflow.Session - Observer factory (v2): LinObserverFactory
Mar-18 18:16:49.128 [main] DEBUG nextflow.Session - Observer factory (v2): DefaultObserverFactory
Mar-18 18:16:49.209 [main] DEBUG nextflow.cache.CacheFactory - Using Nextflow cache factory: nextflow.cache.DefaultCacheFactory
Mar-18 18:16:49.228 [main] DEBUG nextflow.util.CustomThreadPool - Creating default thread pool > poolSize: 9; maxThreads: 1000
Mar-18 18:16:49.359 [main] DEBUG nextflow.Session - Session start
Mar-18 18:16:50.005 [main] DEBUG nextflow.script.ScriptRunner - > Launching execution
Mar-18 18:16:50.018 [main] INFO  nextflow.Nextflow - 
      LIST OF PARAMETERS
================================
Reads            : data/*_{1,2}.fq.gz
Output-folder    : ./outputs/
Adapters         : adapters.fa

Mar-18 18:16:50.360 [main] DEBUG n.script.dsl.ProcessConfigBuilder - Config settings `withLabel:low_ram` matches labels `low_ram` for process with name fastqc
Mar-18 18:16:50.367 [main] DEBUG nextflow.executor.ExecutorFactory - << taskConfig executor: null
Mar-18 18:16:50.367 [main] DEBUG nextflow.executor.ExecutorFactory - >> processorType: 'local'
Mar-18 18:16:50.396 [main] DEBUG nextflow.executor.Executor - [warm up] executor > local
Mar-18 18:16:50.410 [main] DEBUG n.processor.LocalPollingMonitor - Creating local task monitor for executor 'local' > cpus=8; memory=3.7 GB; capacity=8; pollInterval=100ms; dumpInterval=5m
Mar-18 18:16:50.415 [main] DEBUG n.processor.TaskPollingMonitor - >>> barrier register (monitor: local)
Mar-18 18:16:50.451 [main] DEBUG nextflow.processor.TaskProcessor - Creating process 'fastqc': maxForks=0; fair=false; array=0
Mar-18 18:16:50.523 [main] DEBUG n.script.dsl.ProcessConfigBuilder - Config settings `withLabel:low_ram` matches labels `low_ram` for process with name trimmomatic
Mar-18 18:16:50.525 [main] DEBUG nextflow.executor.ExecutorFactory - << taskConfig executor: null
Mar-18 18:16:50.526 [main] DEBUG nextflow.executor.ExecutorFactory - >> processorType: 'local'
Mar-18 18:16:50.527 [main] DEBUG nextflow.processor.TaskProcessor - Creating process 'trimmomatic': maxForks=0; fair=false; array=0
Mar-18 18:16:50.535 [main] DEBUG nextflow.Session - Workflow process names [dsl2]: trimmomatic, fastqc
Mar-18 18:16:50.538 [main] DEBUG nextflow.Session - Igniting dataflow network (4)
Mar-18 18:16:50.545 [PathVisitor-1] DEBUG nextflow.file.PathVisitor - files for syntax: glob; folder: data/; pattern: *_{1,2}.fq.gz; options: [checkIfExists:true]
Mar-18 18:16:50.548 [main] DEBUG nextflow.processor.TaskProcessor - Starting process > fastqc
Mar-18 18:16:50.550 [main] DEBUG nextflow.processor.TaskProcessor - Starting process > trimmomatic
Mar-18 18:16:50.552 [main] DEBUG nextflow.script.ScriptRunner - Parsed script files:
  Script_8ba8c7d8568a05fb: /home/ak/assignment_nextflow/mod_main.nf
Mar-18 18:16:50.552 [main] DEBUG nextflow.script.ScriptRunner - > Awaiting termination 
Mar-18 18:16:50.552 [main] DEBUG nextflow.Session - Session await
Mar-18 18:16:50.874 [Task submitter] DEBUG n.executor.local.LocalTaskHandler - Launch cmd line: /bin/bash -ue .command.run
Mar-18 18:16:50.878 [Task submitter] INFO  nextflow.Session - [3c/eeecf6] Submitted process > trimmomatic (1)
Mar-18 18:17:39.686 [Task monitor] DEBUG n.processor.TaskPollingMonitor - Task completed > TaskHandler[id: 2; name: trimmomatic (1); status: COMPLETED; exit: 0; error: -; workDir: /home/ak/assignment_nextflow/work/3c/eeecf610ef8d887220cd93b253b960]
Mar-18 18:17:39.688 [Task monitor] DEBUG nextflow.util.ThreadPoolBuilder - Creating thread pool 'TaskFinalizer' minSize=10; maxSize=24; workQueue=LinkedBlockingQueue[-1]; allowCoreThreadTimeout=false
Mar-18 18:17:39.695 [Task submitter] DEBUG n.executor.local.LocalTaskHandler - Launch cmd line: /bin/bash -ue .command.run
Mar-18 18:17:39.697 [Task submitter] INFO  nextflow.Session - [be/595cad] Submitted process > fastqc (1)
Mar-18 18:17:39.728 [TaskFinalizer-1] WARN  nextflow.script.ScriptBinding - Access to undefined parameter `outDir` -- Initialise it to a default value eg. `params.outDir = some_value`
Mar-18 18:17:39.740 [TaskFinalizer-1] WARN  nextflow.processor.PublishDir - Process `trimmomatic` publishDir path contains a variable with a null value
Mar-18 18:17:39.755 [TaskFinalizer-1] DEBUG nextflow.util.ThreadPoolBuilder - Creating thread pool 'PublishDir' minSize=10; maxSize=24; workQueue=LinkedBlockingQueue[-1]; allowCoreThreadTimeout=false
Mar-18 18:17:51.187 [Task monitor] DEBUG n.processor.TaskPollingMonitor - Task completed > TaskHandler[id: 1; name: fastqc (1); status: COMPLETED; exit: 0; error: -; workDir: /home/ak/assignment_nextflow/work/be/595cad5d7f6eb9dd7e46e23170a48f]
Mar-18 18:17:51.197 [main] DEBUG nextflow.Session - Session await > all processes finished
Mar-18 18:17:51.288 [Task monitor] DEBUG n.processor.TaskPollingMonitor - <<< barrier arrives (monitor: local) - terminating tasks monitor poll loop
Mar-18 18:17:51.288 [main] DEBUG nextflow.Session - Session await > all barriers passed
Mar-18 18:17:51.292 [main] DEBUG nextflow.util.ThreadPoolManager - Thread pool 'TaskFinalizer' shutdown completed (hard=false)
Mar-18 18:17:51.293 [main] DEBUG nextflow.util.ThreadPoolManager - Thread pool 'PublishDir' shutdown completed (hard=false)
Mar-18 18:17:51.303 [main] DEBUG n.trace.WorkflowStatsObserver - Workflow completed > WorkflowStats[succeededCount=2; failedCount=0; ignoredCount=0; cachedCount=0; pendingCount=0; submittedCount=0; runningCount=0; retriesCount=0; abortedCount=0; succeedDuration=4m 1s; failedDuration=0ms; cachedDuration=0ms;loadCpus=0; loadMemory=0; peakRunning=1; peakCpus=4; peakMemory=2 GB; ]
Mar-18 18:17:51.531 [main] DEBUG nextflow.cache.CacheDB - Closing CacheDB done
Mar-18 18:17:51.575 [main] DEBUG nextflow.util.ThreadPoolManager - Thread pool 'FileTransfer' shutdown completed (hard=false)
Mar-18 18:17:51.576 [main] DEBUG nextflow.script.ScriptRunner - > Execution complete -- Goodbye
